<?xml version="1.0" encoding="UTF-8"?>
<!-- Generated by org.testng.reporters.JUnitReportReporter -->
<testsuite hostname="DESKTOP-SC9NUTS" failures="0" tests="1" name="assignments.Q2_GetTitle" time="6.823" errors="0" timestamp="2024-03-03T22:06:09 EST" skipped="0">
  <testcase classname="assignments.Q2_GetTitle" name="getTitle" time="6.823"/>
</testsuite> <!-- assignments.Q2_GetTitle -->
