<?xml version="1.0" encoding="UTF-8"?>
<!-- Generated by org.testng.reporters.JUnitReportReporter -->
<testsuite hostname="DESKTOP-SC9NUTS" failures="0" tests="2" name="assignments.Q5_TestNG_Annotations" time="2.884" errors="0" timestamp="2024-03-04T00:34:32 EST" skipped="0">
  <testcase classname="assignments.Q5_TestNG_Annotations" name="findFacebook" time="0.279"/>
  <testcase classname="assignments.Q5_TestNG_Annotations" name="verifyItsFacebook" time="2.605"/>
</testsuite> <!-- assignments.Q5_TestNG_Annotations -->
