<?xml version="1.0" encoding="UTF-8"?>
<!-- Generated by org.testng.reporters.JUnitReportReporter -->
<testsuite hostname="DESKTOP-SC9NUTS" failures="0" tests="1" name="assignments.Q3_GetTag_Facebook" time="0.244" errors="0" timestamp="2024-03-03T22:48:27 EST" skipped="0">
  <testcase classname="assignments.Q3_GetTag_Facebook" name="testGetTag" time="0.244"/>
</testsuite> <!-- assignments.Q3_GetTag_Facebook -->
