<?xml version="1.0" encoding="UTF-8"?>
<!-- Generated by org.testng.reporters.JUnitReportReporter -->
<testsuite hostname="DESKTOP-SC9NUTS" failures="0" tests="5" name="assignments.TestNG_Priority_Annotations" time="0.027" errors="0" timestamp="2024-03-03T21:13:04 EST" skipped="0">
  <testcase classname="assignments.TestNG_Priority_Annotations" name="b_method" time="0.016"/>
  <testcase classname="assignments.TestNG_Priority_Annotations" name="e_method" time="0.002"/>
  <testcase classname="assignments.TestNG_Priority_Annotations" name="c_method" time="0.004"/>
  <testcase classname="assignments.TestNG_Priority_Annotations" name="d_method" time="0.002"/>
  <testcase classname="assignments.TestNG_Priority_Annotations" name="a_method" time="0.003"/>
</testsuite> <!-- assignments.TestNG_Priority_Annotations -->
