<?xml version="1.0" encoding="UTF-8"?>
<!-- Generated by org.testng.reporters.JUnitReportReporter -->
<testsuite hostname="DESKTOP-SC9NUTS" failures="0" tests="2" name="firstTestNGFile.firsttestngfile" time="3.188" errors="0" timestamp="2024-03-03T21:00:14 EST" skipped="0">
  <testcase classname="firstTestNGFile.firsttestngfile" name="register" time="1.674"/>
  <testcase classname="firstTestNGFile.firsttestngfile" name="support" time="1.514"/>
</testsuite> <!-- firstTestNGFile.firsttestngfile -->
