<?xml version="1.0" encoding="UTF-8"?>
<!-- Generated by org.testng.reporters.JUnitReportReporter -->
<testsuite hostname="DESKTOP-SC9NUTS" failures="0" tests="1" name="assignments.Q4_LambdaTest" time="0.742" errors="0" timestamp="2024-03-03T23:30:09 EST" skipped="0">
  <testcase classname="assignments.Q4_LambdaTest" name="testFindItems" time="0.742"/>
</testsuite> <!-- assignments.Q4_LambdaTest -->
